<?xml version="1.0" encoding="UTF-8"?>
<!-- Generated by org.testng.reporters.JUnitReportReporter -->
<testsuite hostname="SAURABH" failures="0" tests="1" name="Utilities.FetchDatafromExcel" time="0.897" errors="0" timestamp="2025-01-14T20:31:24 IST" skipped="0">
  <testcase classname="Utilities.FetchDatafromExcel" name="test" time="0.897"/>
  <system-out/>
</testsuite> <!-- Utilities.FetchDatafromExcel -->
